Using pre-set license
Built from '2020.3/staging' branch; Version is '2020.3.10f1 (297d780c91bc) revision 2719096'; Using compiler version '192528614'; Build Type 'Release'
OS: 'Windows 10 Education; OS build 19042.928; Version 2009; 64bit' Language: 'en' Physical Memory: 16292 MB
BatchMode: 1, IsHumanControllingUs: 0, StartBugReporterOnCrash: 0, Is64bit: 1, IsPro: 0

 COMMAND LINE ARGUMENTS:
C:\Program Files\Unity\Hub\Editor\2020.3.10f1\Editor\Unity.exe
-adb2
-batchMode
-noUpm
-name
AssetImportWorker0
-projectPath
C:/Users/Taylor/OneDrive/Documents/Dev/Unity/Photon FPS Game
-logFile
Logs/AssetImportWorker0.log
-srvPort
58616
Successfully changed project path to: C:/Users/Taylor/OneDrive/Documents/Dev/Unity/Photon FPS Game
C:/Users/Taylor/OneDrive/Documents/Dev/Unity/Photon FPS Game
Using Asset Import Pipeline V2.
Refreshing native plugins compatible for Editor in 33.35 ms, found 2 plugins.
Preloading 0 native plugins for Editor in 0.00 ms.
Initialize engine version: 2020.3.10f1 (297d780c91bc)
[Subsystems] Discovering subsystems at path C:/Program Files/Unity/Hub/Editor/2020.3.10f1/Editor/Data/Resources/UnitySubsystems
[Subsystems] Discovering subsystems at path C:/Users/Taylor/OneDrive/Documents/Dev/Unity/Photon FPS Game/Assets
GfxDevice: creating device client; threaded=0
Direct3D:
    Version:  Direct3D 11.0 [level 11.1]
    Renderer: NVIDIA GeForce GTX 1660 SUPER (ID=0x21c4)
    Vendor:   
    VRAM:     5991 MB
    Driver:   27.21.14.5671
Initialize mono
Mono path[0] = 'C:/Program Files/Unity/Hub/Editor/2020.3.10f1/Editor/Data/Managed'
Mono path[1] = 'C:/Program Files/Unity/Hub/Editor/2020.3.10f1/Editor/Data/MonoBleedingEdge/lib/mono/unityjit'
Mono config path = 'C:/Program Files/Unity/Hub/Editor/2020.3.10f1/Editor/Data/MonoBleedingEdge/etc'
Using monoOptions --debugger-agent=transport=dt_socket,embedding=1,server=y,suspend=n,address=127.0.0.1:56032
Begin MonoManager ReloadAssembly
Registering precompiled unity dll's ...
Register platform support module: C:/Program Files/Unity/Hub/Editor/2020.3.10f1/Editor/Data/PlaybackEngines/WebGLSupport/UnityEditor.WebGL.Extensions.dll
Register platform support module: C:/Program Files/Unity/Hub/Editor/2020.3.10f1/Editor/Data/PlaybackEngines/WindowsStandaloneSupport/UnityEditor.WindowsStandalone.Extensions.dll
Registered in 0.001753 seconds.
Native extension for WindowsStandalone target not found
Native extension for WebGL target not found
Refreshing native plugins compatible for Editor in 32.76 ms, found 2 plugins.
Preloading 0 native plugins for Editor in 0.00 ms.
Mono: successfully reloaded assembly
- Completed reload, in  1.435 seconds
Platform modules already initialized, skipping
Registering precompiled user dll's ...
Registered in 0.003894 seconds.
Begin MonoManager ReloadAssembly
Native extension for WindowsStandalone target not found
Native extension for WebGL target not found
Refreshing native plugins compatible for Editor in 31.87 ms, found 2 plugins.
Preloading 0 native plugins for Editor in 0.00 ms.
Mono: successfully reloaded assembly
- Completed reload, in  0.966 seconds
Platform modules already initialized, skipping
========================================================================
Worker process is ready to serve import requests
Launched and connected shader compiler UnityShaderCompiler.exe after 0.04 seconds
Refreshing native plugins compatible for Editor in 0.63 ms, found 2 plugins.
Preloading 0 native plugins for Editor in 0.00 ms.
Unloading 2060 Unused Serialized files (Serialized files now loaded: 0)
System memory in use before: 91.0 MB.
System memory in use after: 91.0 MB.

Unloading 28 unused Assets to reduce memory usage. Loaded Objects now: 2491.
Total: 2.361600 ms (FindLiveObjects: 0.222800 ms CreateObjectMapping: 0.053000 ms MarkObjects: 2.004600 ms  DeleteObjects: 0.080100 ms)

========================================================================
Received Import Request.
  path: Assets/Game/Scripts/PlayerControls.inputactions
  artifactKey: Guid(ac3772c166bb9e34893e7c6771333c72) Importer(815301076,1909f56bfc062723c751e8b465ee728b)
Start importing Assets/Game/Scripts/PlayerControls.inputactions using Guid(ac3772c166bb9e34893e7c6771333c72) Importer(815301076,1909f56bfc062723c751e8b465ee728b)  -> (artifact id: 'e0610bdea3bcb7e80d564d04de58f12a') in 0.033994 seconds
  Import took 0.037019 seconds .

========================================================================
Received Import Request.
  Time since last request: 202.150232 seconds.
  path: Assets/Game/Scripts/PlayerControls.inputactions
  artifactKey: Guid(ac3772c166bb9e34893e7c6771333c72) Importer(815301076,1909f56bfc062723c751e8b465ee728b)
Start importing Assets/Game/Scripts/PlayerControls.inputactions using Guid(ac3772c166bb9e34893e7c6771333c72) Importer(815301076,1909f56bfc062723c751e8b465ee728b)  -> (artifact id: '747629a7d4667e717575d69a46b70899') in 0.004425 seconds
  Import took 0.007717 seconds .

========================================================================
Received Import Request.
  Time since last request: 0.004935 seconds.
  path: Assets/Game/Scripts/PlayerControls.inputactions
  artifactKey: Guid(ac3772c166bb9e34893e7c6771333c72) Importer(815301076,1909f56bfc062723c751e8b465ee728b)
Start importing Assets/Game/Scripts/PlayerControls.inputactions using Guid(ac3772c166bb9e34893e7c6771333c72) Importer(815301076,1909f56bfc062723c751e8b465ee728b)  -> (artifact id: '747629a7d4667e717575d69a46b70899') in 0.003247 seconds
  Import took 0.006450 seconds .

========================================================================
Received Import Request.
  Time since last request: 3.738627 seconds.
  path: Assets/Game/Scripts/PlayerControls.inputactions
  artifactKey: Guid(ac3772c166bb9e34893e7c6771333c72) Importer(815301076,1909f56bfc062723c751e8b465ee728b)
Start importing Assets/Game/Scripts/PlayerControls.inputactions using Guid(ac3772c166bb9e34893e7c6771333c72) Importer(815301076,1909f56bfc062723c751e8b465ee728b)  -> (artifact id: '081ac7b6f6a538251c577af70032443d') in 0.003290 seconds
  Import took 0.006247 seconds .

========================================================================
Received Prepare
Registering precompiled user dll's ...
Registered in 0.004594 seconds.
Begin MonoManager ReloadAssembly
Native extension for WindowsStandalone target not found
Native extension for WebGL target not found
Refreshing native plugins compatible for Editor in 0.61 ms, found 2 plugins.
Preloading 0 native plugins for Editor in 0.00 ms.
Mono: successfully reloaded assembly
- Completed reload, in  1.125 seconds
Platform modules already initialized, skipping
Refreshing native plugins compatible for Editor in 0.53 ms, found 2 plugins.
Preloading 0 native plugins for Editor in 0.00 ms.
Unloading 2041 Unused Serialized files (Serialized files now loaded: 0)
System memory in use before: 89.7 MB.
System memory in use after: 89.8 MB.

Unloading 20 unused Assets to reduce memory usage. Loaded Objects now: 2496.
Total: 2.189400 ms (FindLiveObjects: 0.229400 ms CreateObjectMapping: 0.051600 ms MarkObjects: 1.836300 ms  DeleteObjects: 0.071100 ms)

========================================================================
Received Import Request.
  Time since last request: 13.343814 seconds.
  path: Assets/Game/Scripts/InputManager.cs
  artifactKey: Guid(103bd3df29bdeb94192f639847649ef8) Importer(815301076,1909f56bfc062723c751e8b465ee728b)
Start importing Assets/Game/Scripts/InputManager.cs using Guid(103bd3df29bdeb94192f639847649ef8) Importer(815301076,1909f56bfc062723c751e8b465ee728b)  -> (artifact id: 'd320d11bdc3bee320c2bf2dca808b9ec') in 0.025664 seconds
  Import took 0.029093 seconds .

========================================================================
Received Prepare
Registering precompiled user dll's ...
Registered in 0.004020 seconds.
Begin MonoManager ReloadAssembly
Native extension for WindowsStandalone target not found
Native extension for WebGL target not found
Refreshing native plugins compatible for Editor in 0.53 ms, found 2 plugins.
Preloading 0 native plugins for Editor in 0.00 ms.
Mono: successfully reloaded assembly
- Completed reload, in  1.025 seconds
Platform modules already initialized, skipping
Refreshing native plugins compatible for Editor in 0.47 ms, found 2 plugins.
Preloading 0 native plugins for Editor in 0.00 ms.
Unloading 2042 Unused Serialized files (Serialized files now loaded: 0)
System memory in use before: 89.8 MB.
System memory in use after: 89.9 MB.

Unloading 20 unused Assets to reduce memory usage. Loaded Objects now: 2501.
Total: 2.129000 ms (FindLiveObjects: 0.215900 ms CreateObjectMapping: 0.053200 ms MarkObjects: 1.797300 ms  DeleteObjects: 0.061600 ms)

========================================================================
Received Prepare
Registering precompiled user dll's ...
Registered in 0.003941 seconds.
Begin MonoManager ReloadAssembly
Native extension for WindowsStandalone target not found
Native extension for WebGL target not found
Refreshing native plugins compatible for Editor in 0.61 ms, found 2 plugins.
Preloading 0 native plugins for Editor in 0.00 ms.
Mono: successfully reloaded assembly
- Completed reload, in  0.906 seconds
Platform modules already initialized, skipping
Refreshing native plugins compatible for Editor in 0.49 ms, found 2 plugins.
Preloading 0 native plugins for Editor in 0.00 ms.
Unloading 2042 Unused Serialized files (Serialized files now loaded: 0)
System memory in use before: 89.9 MB.
System memory in use after: 90.0 MB.

Unloading 20 unused Assets to reduce memory usage. Loaded Objects now: 2505.
Total: 2.112500 ms (FindLiveObjects: 0.244100 ms CreateObjectMapping: 0.052400 ms MarkObjects: 1.722000 ms  DeleteObjects: 0.092300 ms)

========================================================================
Received Import Request.
  Time since last request: 151.465857 seconds.
  path: Assets/Game/Scripts/InputManager.cs
  artifactKey: Guid(103bd3df29bdeb94192f639847649ef8) Importer(815301076,1909f56bfc062723c751e8b465ee728b)
Start importing Assets/Game/Scripts/InputManager.cs using Guid(103bd3df29bdeb94192f639847649ef8) Importer(815301076,1909f56bfc062723c751e8b465ee728b)  -> (artifact id: '1514ebca58604dddf6b9ebc4abacdfa5') in 0.004859 seconds
  Import took 0.008071 seconds .

========================================================================
Received Import Request.
  Time since last request: 0.245840 seconds.
  path: Assets/Resources/PhotonPrefabs/PlayerController.prefab
  artifactKey: Guid(5122071b74c1f3f41bbd060ee6fd6b60) Importer(815301076,1909f56bfc062723c751e8b465ee728b)
Start importing Assets/Resources/PhotonPrefabs/PlayerController.prefab using Guid(5122071b74c1f3f41bbd060ee6fd6b60) Importer(815301076,1909f56bfc062723c751e8b465ee728b)  -> (artifact id: '9f4a1268f52e94b10a8f48b4530fab73') in 0.087706 seconds
  Import took 0.091116 seconds .

========================================================================
Received Import Request.
  Time since last request: 0.026114 seconds.
  path: Assets/Resources/PhotonPrefabs/PlayerController.prefab
  artifactKey: Guid(5122071b74c1f3f41bbd060ee6fd6b60) Importer(815301076,1909f56bfc062723c751e8b465ee728b)
Start importing Assets/Resources/PhotonPrefabs/PlayerController.prefab using Guid(5122071b74c1f3f41bbd060ee6fd6b60) Importer(815301076,1909f56bfc062723c751e8b465ee728b)  -> (artifact id: '9f4a1268f52e94b10a8f48b4530fab73') in 0.006561 seconds
  Import took 0.009889 seconds .

========================================================================
Received Prepare
Registering precompiled user dll's ...
Registered in 0.004465 seconds.
Begin MonoManager ReloadAssembly
Native extension for WindowsStandalone target not found
Native extension for WebGL target not found
Refreshing native plugins compatible for Editor in 0.50 ms, found 2 plugins.
Preloading 0 native plugins for Editor in 0.00 ms.
Mono: successfully reloaded assembly
- Completed reload, in  0.868 seconds
Platform modules already initialized, skipping
Refreshing native plugins compatible for Editor in 0.46 ms, found 2 plugins.
Preloading 0 native plugins for Editor in 0.00 ms.
Unloading 2042 Unused Serialized files (Serialized files now loaded: 0)
System memory in use before: 92.9 MB.
System memory in use after: 93.0 MB.

Unloading 21 unused Assets to reduce memory usage. Loaded Objects now: 2517.
Total: 2.542700 ms (FindLiveObjects: 0.262200 ms CreateObjectMapping: 0.051800 ms MarkObjects: 2.118700 ms  DeleteObjects: 0.108400 ms)

AssetImportWorkerClient::OnTransportError - code=2 error=End of file
